<?xml version="1.0" encoding="UTF-8"?>
<testng-results ignored="0" total="1" passed="1" failed="0" skipped="0">
  <reporter-output>
  </reporter-output>
  <suite started-at="2023-09-07T21:43:58 BDT" name="Default suite" finished-at="2023-09-07T21:44:25 BDT" duration-ms="26607">
    <groups>
    </groups>
    <test started-at="2023-09-07T21:43:58 BDT" name="Default test" finished-at="2023-09-07T21:44:25 BDT" duration-ms="26607">
      <class name="Appium_Test.Test_Deadline.Test_Scenario_2">
        <test-method is-config="true" signature="BeforeAppiumTest()[pri:0, instance:Appium_Test.Test_Deadline.Test_Scenario_2@33065d67]" started-at="2023-09-07T21:43:58 BDT" name="BeforeAppiumTest" finished-at="2023-09-07T21:44:23 BDT" duration-ms="24467" status="PASS">
          <reporter-output>
          </reporter-output>
        </test-method> <!-- BeforeAppiumTest -->
        <test-method signature="Test_Demo_2()[pri:0, instance:Appium_Test.Test_Deadline.Test_Scenario_2@33065d67]" started-at="2023-09-07T21:44:23 BDT" name="Test_Demo_2" finished-at="2023-09-07T21:44:24 BDT" duration-ms="1142" status="PASS">
          <reporter-output>
          </reporter-output>
        </test-method> <!-- Test_Demo_2 -->
        <test-method is-config="true" signature="AfterAppiumTest()[pri:0, instance:Appium_Test.Test_Deadline.Test_Scenario_2@33065d67]" started-at="2023-09-07T21:44:24 BDT" name="AfterAppiumTest" finished-at="2023-09-07T21:44:25 BDT" duration-ms="931" status="PASS">
          <reporter-output>
          </reporter-output>
        </test-method> <!-- AfterAppiumTest -->
      </class> <!-- Appium_Test.Test_Deadline.Test_Scenario_2 -->
    </test> <!-- Default test -->
  </suite> <!-- Default suite -->
</testng-results>
